<?xml version="1.0" encoding="UTF-8"?>
<testng-results ignored="0" total="1" passed="1" failed="0" skipped="0">
  <reporter-output>
  </reporter-output>
  <suite started-at="2020-11-18T17:31:15 IST" name="Default suite" finished-at="2020-11-18T17:31:34 IST" duration-ms="19560">
    <groups>
    </groups>
    <test started-at="2020-11-18T17:31:15 IST" name="Default test" finished-at="2020-11-18T17:31:34 IST" duration-ms="19560">
      <class name="TestCases.GmailTesting">
        <test-method signature="launchBrowser()[pri:0, instance:TestCases.GmailTesting@4be29ed9]" started-at="2020-11-18T17:31:15 IST" name="launchBrowser" finished-at="2020-11-18T17:31:34 IST" duration-ms="19517" status="PASS">
          <reporter-output>
          </reporter-output>
        </test-method> <!-- launchBrowser -->
      </class> <!-- TestCases.GmailTesting -->
    </test> <!-- Default test -->
  </suite> <!-- Default suite -->
</testng-results>
