<?xml version="1.0" encoding="UTF-8"?>
<testng-results ignored="0" total="1" passed="1" failed="0" skipped="0">
  <reporter-output>
  </reporter-output>
  <suite started-at="2020-11-18T16:08:11Z" name="Propertycapsule" finished-at="2020-11-18T16:08:35Z" duration-ms="23777">
    <groups>
    </groups>
    <test started-at="2020-11-18T16:08:11Z" name="3TestCasesAssignment" finished-at="2020-11-18T16:08:35Z" duration-ms="23777">
      <class name="com.test.Cases.TabVerificationTest">
        <test-method is-config="true" signature="launchBrowser()[pri:0, instance:com.test.Cases.TabVerificationTest@2e377400]" started-at="2020-11-18T16:08:11Z" name="launchBrowser" finished-at="2020-11-18T16:08:25Z" duration-ms="13926" status="PASS">
          <reporter-output>
          </reporter-output>
        </test-method> <!-- launchBrowser -->
        <test-method signature="init()[pri:0, instance:com.test.Cases.TabVerificationTest@2e377400]" started-at="2020-11-18T16:08:25Z" name="init" finished-at="2020-11-18T16:08:34Z" duration-ms="8884" status="PASS">
          <reporter-output>
          </reporter-output>
        </test-method> <!-- init -->
        <test-method is-config="true" signature="TearDown()[pri:0, instance:com.test.Cases.TabVerificationTest@2e377400]" started-at="2020-11-18T16:08:34Z" name="TearDown" finished-at="2020-11-18T16:08:35Z" duration-ms="906" status="PASS">
          <reporter-output>
          </reporter-output>
        </test-method> <!-- TearDown -->
      </class> <!-- com.test.Cases.TabVerificationTest -->
    </test> <!-- 3TestCasesAssignment -->
  </suite> <!-- Propertycapsule -->
</testng-results>
