<?xml version="1.0" encoding="UTF-8"?>
<!-- Generated by org.testng.reporters.JUnitXMLReporter -->
<testsuite hostname="LAPTOP-BC7FPIQF" failures="1" tests="1" name="Test" time="0.182" errors="0" timestamp="24 Sep 2020 13:43:24 GMT">
  <testcase classname="TestCases.GeoLocationTest" name="test_Selenium4_Geolocation" time="0.153">
    <failure type="java.lang.AbstractMethodError" message="org.openqa.selenium.remote.service.DriverService$Builder.createArgs()Lcom/google/common/collect/ImmutableList;">
      <![CDATA[java.lang.AbstractMethodError: org.openqa.selenium.remote.service.DriverService$Builder.createArgs()Lcom/google/common/collect/ImmutableList;
	at org.openqa.selenium.remote.service.DriverService$Builder.build(DriverService.java:358)
	at org.openqa.selenium.chrome.ChromeDriverService.createDefaultService(ChromeDriverService.java:119)
	at org.openqa.selenium.chrome.ChromeDriver.<init>(ChromeDriver.java:105)
	at TestCases.GeoLocationTest.test_Selenium4_Geolocation(GeoLocationTest.java:32)
... Removed 24 stack frames]]>
    </failure>
  </testcase> <!-- test_Selenium4_Geolocation -->
</testsuite> <!-- Test -->
