<?xml version="1.0" encoding="UTF-8"?>
<testng-results ignored="0" total="1" passed="1" failed="0" skipped="0">
  <reporter-output>
  </reporter-output>
  <suite started-at="2020-11-18T13:11:32Z" name="Default suite" finished-at="2020-11-18T13:11:48Z" duration-ms="15950">
    <groups>
    </groups>
    <test started-at="2020-11-18T13:11:32Z" name="Default test" finished-at="2020-11-18T13:11:48Z" duration-ms="15950">
      <class name="TestCases.Launchbrowser">
        <test-method signature="launchBrowser()[pri:0, instance:TestCases.Launchbrowser@14008db3]" started-at="2020-11-18T13:11:32Z" name="launchBrowser" finished-at="2020-11-18T13:11:48Z" duration-ms="15917" status="PASS">
          <reporter-output>
          </reporter-output>
        </test-method> <!-- launchBrowser -->
      </class> <!-- TestCases.Launchbrowser -->
    </test> <!-- Default test -->
  </suite> <!-- Default suite -->
</testng-results>
